Salt Bridges Plugin, Version 1.0
Mon May 13 22:26:21 CEST 2024

Parameters used in the calculation of salt bridges:
- Atomselection: protein
- Update selections every frame: yes
- Initial frame: 0
- Frame step: 1
- Final frame: 100
- Oxygen-nitrogen cut-off: 3.2
- Center of mass cut-off: none
- Write a file for each salt bridge: yes

Searching for ion-pairs with oxygen-nitrogen distance within 3.2 Angstroms in the selected frames... Done.
Removing redundancies in the ion-pairs found... Done.
Extracting identification of each salt bridge... Done.
Found 14 salt bridges.

ASP52-ARG74
ASP39-ARG74
GLU51-LYS48
ASP32-LYS33
ASP52-ARG72
GLU51-ARG42
ASP39-ARG72
GLU64-LYS63
ASP52-LYS27
ASP58-ARG54
GLU51-ARG54
GLU34-LYS11
ASP32-LYS29
ASP21-LYS29

Printing distances over all frames for each salt-bridge... Done.
